Using pre-set license
Built from '2020.3/staging' branch; Version is '2020.3.25f1 (9b9180224418) revision 10195328'; Using compiler version '192528614'; Build Type 'Release'
OS: 'Windows 10  (10.0.19042) 64bit Professional' Language: 'en' Physical Memory: 32712 MB
BatchMode: 1, IsHumanControllingUs: 0, StartBugReporterOnCrash: 0, Is64bit: 1, IsPro: 0

COMMAND LINE ARGUMENTS:
C:\Program Files\Unity Editors\2020.3.25f1\Editor\Unity.exe
-adb2
-batchMode
-noUpm
-name
AssetImportWorker0
-projectPath
C:/Users/marku/Unity/cards-of-house/Cards of House
-logFile
Logs/AssetImportWorker0.log
-srvPort
51287
Successfully changed project path to: C:/Users/marku/Unity/cards-of-house/Cards of House
C:/Users/marku/Unity/cards-of-house/Cards of House
Using Asset Import Pipeline V2.
Refreshing native plugins compatible for Editor in 56.10 ms, found 3 plugins.
Preloading 0 native plugins for Editor in 0.00 ms.
Initialize engine version: 2020.3.25f1 (9b9180224418)
[Subsystems] Discovering subsystems at path C:/Program Files/Unity Editors/2020.3.25f1/Editor/Data/Resources/UnitySubsystems
[Subsystems] Discovering subsystems at path C:/Users/marku/Unity/cards-of-house/Cards of House/Assets
GfxDevice: creating device client; threaded=0
Direct3D:
    Version:  Direct3D 11.0 [level 11.1]
    Renderer: NVIDIA GeForce RTX 3080 (ID=0x2216)
    Vendor:   
    VRAM:     10077 MB
    Driver:   30.0.15.1117
Initialize mono
Mono path[0] = 'C:/Program Files/Unity Editors/2020.3.25f1/Editor/Data/Managed'
Mono path[1] = 'C:/Program Files/Unity Editors/2020.3.25f1/Editor/Data/MonoBleedingEdge/lib/mono/unityjit'
Mono config path = 'C:/Program Files/Unity Editors/2020.3.25f1/Editor/Data/MonoBleedingEdge/etc'
Using monoOptions --debugger-agent=transport=dt_socket,embedding=1,server=y,suspend=n,address=127.0.0.1:56376
Begin MonoManager ReloadAssembly
Registering precompiled unity dll's ...
Register platform support module: C:/Program Files/Unity Editors/2020.3.25f1/Editor/Data/PlaybackEngines/WindowsStandaloneSupport/UnityEditor.WindowsStandalone.Extensions.dll
Registered in 0.001704 seconds.
Native extension for WindowsStandalone target not found
Refreshing native plugins compatible for Editor in 48.30 ms, found 3 plugins.
Preloading 0 native plugins for Editor in 0.00 ms.
Mono: successfully reloaded assembly
- Completed reload, in  0.394 seconds
Domain Reload Profiling:
	ReloadAssembly (394ms)
		BeginReloadAssembly (43ms)
			ExecutionOrderSort (0ms)
			DisableScriptedObjects (0ms)
			BackupInstance (0ms)
			ReleaseScriptingObjects (0ms)
			CreateAndSetChildDomain (0ms)
		EndReloadAssembly (302ms)
			LoadAssemblies (41ms)
			RebuildTransferFunctionScriptingTraits (0ms)
			SetupTypeCache (86ms)
			ReleaseScriptCaches (0ms)
			RebuildScriptCaches (17ms)
			SetupLoadedEditorAssemblies (130ms)
				LogAssemblyErrors (0ms)
				InitializePlatformSupportModulesInManaged (3ms)
				SetLoadedEditorAssemblies (0ms)
				RefreshPlugins (48ms)
				BeforeProcessingInitializeOnLoad (6ms)
				ProcessInitializeOnLoadAttributes (53ms)
				ProcessInitializeOnLoadMethodAttributes (19ms)
				AfterProcessingInitializeOnLoad (0ms)
				EditorAssembliesLoaded (0ms)
			ExecutionOrderSort2 (0ms)
			AwakeInstancesAfterBackupRestoration (0ms)
Platform modules already initialized, skipping
Registering precompiled user dll's ...
Registered in 0.004898 seconds.
Begin MonoManager ReloadAssembly
Native extension for WindowsStandalone target not found
Refreshing native plugins compatible for Editor in 49.03 ms, found 3 plugins.
Preloading 0 native plugins for Editor in 0.00 ms.
Mono: successfully reloaded assembly
- Completed reload, in  0.788 seconds
Domain Reload Profiling:
	ReloadAssembly (788ms)
		BeginReloadAssembly (96ms)
			ExecutionOrderSort (0ms)
			DisableScriptedObjects (3ms)
			BackupInstance (0ms)
			ReleaseScriptingObjects (0ms)
			CreateAndSetChildDomain (15ms)
		EndReloadAssembly (651ms)
			LoadAssemblies (74ms)
			RebuildTransferFunctionScriptingTraits (0ms)
			SetupTypeCache (202ms)
			ReleaseScriptCaches (0ms)
			RebuildScriptCaches (34ms)
			SetupLoadedEditorAssemblies (269ms)
				LogAssemblyErrors (0ms)
				InitializePlatformSupportModulesInManaged (2ms)
				SetLoadedEditorAssemblies (0ms)
				RefreshPlugins (49ms)
				BeforeProcessingInitializeOnLoad (72ms)
				ProcessInitializeOnLoadAttributes (129ms)
				ProcessInitializeOnLoadMethodAttributes (11ms)
				AfterProcessingInitializeOnLoad (6ms)
				EditorAssembliesLoaded (0ms)
			ExecutionOrderSort2 (0ms)
			AwakeInstancesAfterBackupRestoration (4ms)
Platform modules already initialized, skipping
========================================================================
Worker process is ready to serve import requests
Switching render pipeline 62311b0f714243d48a55992f06612052 -> 00000000000000000000000000000000
Launched and connected shader compiler UnityShaderCompiler.exe after 0.03 seconds
Refreshing native plugins compatible for Editor in 0.89 ms, found 3 plugins.
Preloading 0 native plugins for Editor in 0.00 ms.
Unloading 3578 Unused Serialized files (Serialized files now loaded: 0)
System memory in use before: 155.7 MB.
System memory in use after: 155.9 MB.

Unloading 42 unused Assets to reduce memory usage. Loaded Objects now: 3999.
Total: 3.471400 ms (FindLiveObjects: 0.288000 ms CreateObjectMapping: 0.197700 ms MarkObjects: 2.919900 ms  DeleteObjects: 0.065000 ms)

AssetImportParameters requested are different than current active one (requested -> active):
  custom:framework-win-MediaFoundation: 216162199b28c13a410421893ffa2e32 -> 
  custom:video-decoder-ogg-theora: a1e56fd34408186e4bbccfd4996cb3dc -> 
  custom:container-muxer-webm: aa71ff27fc2769a1b78a27578f13a17b -> 
  custom:container-demuxer-webm: 4f35f7cbe854078d1ac9338744f61a02 -> 
  custom:container-demuxer-ogg: 62fdf1f143b41e24485cea50d1cbac27 -> 
  custom:video-encoder-webm-vp8: eb34c28f22e8b96e1ab97ce403110664 -> 
  custom:video-decoder-webm-vp8: 9c59270c3fd7afecdb556c50c9e8de78 -> 
  custom:audio-decoder-ogg-vorbis: bf7c407c2cedff20999df2af8eb42d56 -> 
  custom:audio-encoder-webm-vorbis: bf7c407c2cedff20999df2af8eb42d56 -> 
========================================================================
Received Import Request.
  path: Assets/Materials/New Physic Material.physicMaterial
  artifactKey: Guid(ea937634756ec764eae98aa71661dd0e) Importer(815301076,1909f56bfc062723c751e8b465ee728b)
Start importing Assets/Materials/New Physic Material.physicMaterial using Guid(ea937634756ec764eae98aa71661dd0e) Importer(815301076,1909f56bfc062723c751e8b465ee728b)  -> (artifact id: 'f0cd8a307ff3d1a164cda4b5f8d5ba56') in 0.021314 seconds 
  Import took 0.025291 seconds .

========================================================================
Received Import Request.
  Time since last request: 126.955595 seconds.
  path: Assets/HDRPDefaultResources
  artifactKey: Guid(0dbf23192d5ad544f8251652410b29f3) Importer(815301076,1909f56bfc062723c751e8b465ee728b)
Start importing Assets/HDRPDefaultResources using Guid(0dbf23192d5ad544f8251652410b29f3) Importer(815301076,1909f56bfc062723c751e8b465ee728b)  -> (artifact id: 'bc0e7b99dd77f67a199af86b075f995b') in 0.002002 seconds 
  Import took 0.006087 seconds .

========================================================================
Received Import Request.
  Time since last request: 0.488090 seconds.
  path: Assets/HDRPDefaultResources/DefaultSettingsVolumeProfile.asset
  artifactKey: Guid(6c0ea2c9144a45240b0cccbdc139862c) Importer(815301076,1909f56bfc062723c751e8b465ee728b)
Start importing Assets/HDRPDefaultResources/DefaultSettingsVolumeProfile.asset using Guid(6c0ea2c9144a45240b0cccbdc139862c) Importer(815301076,1909f56bfc062723c751e8b465ee728b)  -> (artifact id: 'b858d5ba4d479ce2f7daa2699f018158') in 0.005258 seconds 
  Import took 0.009624 seconds .

========================================================================
Received Import Request.
  Time since last request: 2.645632 seconds.
  path: Assets/HDRPDefaultResources/DefaultLookDevProfile.asset
  artifactKey: Guid(5cdfdb0b947459349aa8058264d29ea5) Importer(815301076,1909f56bfc062723c751e8b465ee728b)
Start importing Assets/HDRPDefaultResources/DefaultLookDevProfile.asset using Guid(5cdfdb0b947459349aa8058264d29ea5) Importer(815301076,1909f56bfc062723c751e8b465ee728b)  -> (artifact id: '4adf24722dbae9c6a5e803ae4dfad875') in 0.003377 seconds 
  Import took 0.007460 seconds .

========================================================================
Received Import Request.
  Time since last request: 16.855421 seconds.
  path: Assets/RenderPipelines/UniversalRenderPipelineAsset.asset
  artifactKey: Guid(62311b0f714243d48a55992f06612052) Importer(815301076,1909f56bfc062723c751e8b465ee728b)
Start importing Assets/RenderPipelines/UniversalRenderPipelineAsset.asset using Guid(62311b0f714243d48a55992f06612052) Importer(815301076,1909f56bfc062723c751e8b465ee728b)  -> (artifact id: '4fefab521b17e1d1d67452953f3a143d') in 0.002388 seconds 
  Import took 0.006493 seconds .

========================================================================
Received Import Request.
  Time since last request: 0.835151 seconds.
  path: Assets/RenderPipelines/UniversalRenderPipelineAsset_Renderer.asset
  artifactKey: Guid(5bb0f66a081c89e49a1441d34e2c8b5d) Importer(815301076,1909f56bfc062723c751e8b465ee728b)
Start importing Assets/RenderPipelines/UniversalRenderPipelineAsset_Renderer.asset using Guid(5bb0f66a081c89e49a1441d34e2c8b5d) Importer(815301076,1909f56bfc062723c751e8b465ee728b)  -> (artifact id: '5c7fb40362db9c6da92e2f191fae4b1b') in 0.002725 seconds 
  Import took 0.006738 seconds .

========================================================================
Received Prepare
Refreshing native plugins compatible for Editor in 7.76 ms, found 3 plugins.
Preloading 0 native plugins for Editor in 0.00 ms.
Unloading 29 Unused Serialized files (Serialized files now loaded: 0)
System memory in use before: 77.9 MB.
System memory in use after: 78.2 MB.

Unloading 29 unused Assets to reduce memory usage. Loaded Objects now: 3999.
Total: 3.547100 ms (FindLiveObjects: 0.273400 ms CreateObjectMapping: 0.122100 ms MarkObjects: 3.136000 ms  DeleteObjects: 0.015100 ms)

AssetImportParameters requested are different than current active one (requested -> active):
  custom:framework-win-MediaFoundation: 216162199b28c13a410421893ffa2e32 -> 
  custom:video-decoder-ogg-theora: a1e56fd34408186e4bbccfd4996cb3dc -> 
  custom:container-muxer-webm: aa71ff27fc2769a1b78a27578f13a17b -> 
  custom:container-demuxer-webm: 4f35f7cbe854078d1ac9338744f61a02 -> 
  custom:container-demuxer-ogg: 62fdf1f143b41e24485cea50d1cbac27 -> 
  custom:video-encoder-webm-vp8: eb34c28f22e8b96e1ab97ce403110664 -> 
  custom:video-decoder-webm-vp8: 9c59270c3fd7afecdb556c50c9e8de78 -> 
  custom:audio-decoder-ogg-vorbis: bf7c407c2cedff20999df2af8eb42d56 -> 
  custom:audio-encoder-webm-vorbis: bf7c407c2cedff20999df2af8eb42d56 -> 
========================================================================
Received Import Request.
  Time since last request: 398.898673 seconds.
  path: Assets/Shaders/TestShaderGraph.shadergraph
  artifactKey: Guid(3ea6ecf746ad1bd4a9d680da071f59b9) Importer(815301076,1909f56bfc062723c751e8b465ee728b)
Start importing Assets/Shaders/TestShaderGraph.shadergraph using Guid(3ea6ecf746ad1bd4a9d680da071f59b9) Importer(815301076,1909f56bfc062723c751e8b465ee728b)  -> (artifact id: '4dfacb2a92658e7c63274f3f720ea4de') in 0.009247 seconds 
  Import took 0.013883 seconds .

========================================================================
Received Import Request.
  Time since last request: 328.031895 seconds.
  path: Assets/Shaders/TestLitShaderGraph.shadergraph
  artifactKey: Guid(23296cead7bd1ac4f8fd89cdbd62d985) Importer(815301076,1909f56bfc062723c751e8b465ee728b)
Start importing Assets/Shaders/TestLitShaderGraph.shadergraph using Guid(23296cead7bd1ac4f8fd89cdbd62d985) Importer(815301076,1909f56bfc062723c751e8b465ee728b)  -> (artifact id: 'f62819f9c74f8b6b9136f7871291e8af') in 0.003208 seconds 
  Import took 0.007598 seconds .

AssetImportWorkerClient::OnTransportError - code=2 error=End of file
